[Mon Nov 08 17:06:19 2004] Found error 'DB Error: syntax error/SELECT
                    eventum_gpl.eventum_issue.*,
                    prj_title,
                    prc_title,
                    pre_title,
                    pri_title,
                    sta_title,
                    sta_abbreviation,
                    sta_color status_color,
                    sta_is_closed
                 FROM
                    eventum_gpl.eventum_issue,
                    eventum_gpl.eventum_project
                 LEFT JOIN
                    eventum_gpl.eventum_project_priority
                 ON
                    iss_pri_id=pri_id
                 LEFT JOIN
                    eventum_gpl.eventum_status
                 ON
                    iss_sta_id=sta_id
                 LEFT JOIN
                    eventum_gpl.eventum_project_category
                 ON
                    iss_prc_id=prc_id
                 LEFT JOIN
                    eventum_gpl.eventum_project_release
                 ON
                    iss_pre_id=pre_id
                 WHERE
                    iss_id= AND
                    iss_prj_id=prj_id [nativecode=1064 ** You have an error in your SQL syntax.  Check the manual that corresponds to your MySQL server version for the right syntax to use near 'AND
                    iss_prj_id=prj_id' at line 31]' on line '2621' of script 'c:\www\htdocs\gpl.impleo.net\docs\include\class.issue.php' on page '/view.php'.
[Mon Nov 08 17:13:43 2004] Found error 'DB Error: syntax error/SELECT
                    eventum_gpl.eventum_issue.*,
                    prj_title,
                    prc_title,
                    pre_title,
                    pri_title,
                    sta_title,
                    sta_abbreviation,
                    sta_color status_color,
                    sta_is_closed
                 FROM
                    eventum_gpl.eventum_issue,
                    eventum_gpl.eventum_project
                 LEFT JOIN
                    eventum_gpl.eventum_project_priority
                 ON
                    iss_pri_id=pri_id
                 LEFT JOIN
                    eventum_gpl.eventum_status
                 ON
                    iss_sta_id=sta_id
                 LEFT JOIN
                    eventum_gpl.eventum_project_category
                 ON
                    iss_prc_id=prc_id
                 LEFT JOIN
                    eventum_gpl.eventum_project_release
                 ON
                    iss_pre_id=pre_id
                 WHERE
                    iss_id= AND
                    iss_prj_id=prj_id [nativecode=1064 ** You have an error in your SQL syntax.  Check the manual that corresponds to your MySQL server version for the right syntax to use near 'AND
                    iss_prj_id=prj_id' at line 31]' on line '2621' of script 'c:\www\htdocs\gpl.impleo.net\docs\include\class.issue.php' on page '/view.php'.
